c:\csk\3@csds\csds\gsc\gsc\x64\debug\vc140.pdb
c:\csk\3@csds\csds\gsc\gsc\x64\debug\vc140.idb
c:\csk\3@csds\csds\gsc\gsc\x64\debug\data_structure.obj
c:\csk\3@csds\csds\gsc\gsc\x64\debug\emplace.obj
c:\csk\3@csds\csds\gsc\gsc\x64\debug\exp0_vector.obj
c:\csk\3@csds\csds\gsc\gsc\x64\debug\exp1.obj
c:\csk\3@csds\csds\gsc\gsc\x64\debug\exp10_multithread.obj
c:\csk\3@csds\csds\gsc\gsc\x64\debug\exp11_shuffle.obj
c:\csk\3@csds\csds\gsc\gsc\x64\debug\exp2_mutex.obj
c:\csk\3@csds\csds\gsc\gsc\x64\debug\exp3.obj
c:\csk\3@csds\csds\gsc\gsc\x64\debug\exp4_search_target.obj
c:\csk\3@csds\csds\gsc\gsc\x64\debug\exp5_map_set.obj
c:\csk\3@csds\csds\gsc\gsc\x64\debug\exp6_forward_list.obj
c:\csk\3@csds\csds\gsc\gsc\x64\debug\exp7_ch.obj
c:\csk\3@csds\csds\gsc\gsc\x64\debug\exp8_dp.obj
c:\csk\3@csds\csds\gsc\gsc\x64\debug\exp9_coo.obj
c:\csk\3@csds\csds\gsc\gsc\x64\debug\unordered_map.obj
c:\csk\3@csds\csds\gsc\gsc\x64\debug\gsc.tlog\cl.command.1.tlog
c:\csk\3@csds\csds\gsc\gsc\x64\debug\gsc.tlog\cl.read.1.tlog
c:\csk\3@csds\csds\gsc\gsc\x64\debug\gsc.tlog\cl.write.1.tlog
